2024-03-10T00:36:40+00:00 INFO ==== Session Set Info ====
Flow-18 Session Set : 18_284278ac79cc1be6c52c199a935234c2
Flow Info: {"flow_id":"18","steps":[{"id":20,"title":"Checkout (Woo)","type":"checkout"},{"id":21,"title":"Thank You (Woo)","type":"thankyou"}]}
 Current Step-checkout
==== Session Set Info ====

2024-03-10T00:36:55+00:00 INFO ==== Session Set Info ====
Flow-18 Session Set : 18_e5b636b33f18872d354fd273a2868f46
Flow Info: {"flow_id":"18","steps":[{"id":20,"title":"Checkout (Woo)","type":"checkout"},{"id":21,"title":"Thank You (Woo)","type":"thankyou"}]}
 Current Step-checkout
==== Session Set Info ====

2024-03-10T00:42:57+00:00 INFO ==== Session Set Info ====
Flow-18 Session Set : 18_8741a83d076fba725821ad9f25ba2b5d
Flow Info: {"flow_id":"18","steps":[{"id":20,"title":"Checkout (Woo)","type":"checkout"},{"id":21,"title":"Thank You (Woo)","type":"thankyou"}]}
 Current Step-checkout
==== Session Set Info ====

2024-03-10T01:37:57+00:00 INFO ==== Session Set Info ====
Flow-18 Session Set : 18_1938cb6c8621c697b6d48de95aa37979
Flow Info: {"flow_id":"18","steps":[{"id":20,"title":"Checkout (Woo)","type":"checkout"},{"id":21,"title":"Thank You (Woo)","type":"thankyou"}]}
 Current Step-checkout
==== Session Set Info ====

2024-03-10T01:38:12+00:00 INFO ==== Session Set Info ====
Flow-18 Session Set : 18_a44970877c6c91397495637abfac62d0
Flow Info: {"flow_id":"18","steps":[{"id":20,"title":"Checkout (Woo)","type":"checkout"},{"id":21,"title":"Thank You (Woo)","type":"thankyou"}]}
 Current Step-checkout
==== Session Set Info ====

2024-03-10T01:44:58+00:00 INFO ==== Session Set Info ====
Flow-18 Session Set : 18_ca03edbd015266758acb8758ddc14c40
Flow Info: {"flow_id":"18","steps":[{"id":20,"title":"Checkout (Woo)","type":"checkout"},{"id":21,"title":"Thank You (Woo)","type":"thankyou"}]}
 Current Step-checkout
==== Session Set Info ====

2024-03-10T01:45:23+00:00 INFO ==== Session Set Info ====
Flow-18 Session Set : 18_a0756909214717d89dbf17c9a60b9db2
Flow Info: {"flow_id":"18","steps":[{"id":20,"title":"Checkout (Woo)","type":"checkout"},{"id":21,"title":"Thank You (Woo)","type":"thankyou"}]}
 Current Step-checkout
==== Session Set Info ====

2024-03-10T01:45:23+00:00 INFO ==== Session Set Info ====
Flow-18 Session Set : 18_da64eadfe18ed5aac12c280d376a1802
Flow Info: {"flow_id":"18","steps":[{"id":20,"title":"Checkout (Woo)","type":"checkout"},{"id":21,"title":"Thank You (Woo)","type":"thankyou"}]}
 Current Step-checkout
==== Session Set Info ====

2024-03-10T01:53:06+00:00 INFO ==== Session Set Info ====
Flow-18 Session Set : 18_e81df856829033f440b29a7b2ee9408e
Flow Info: {"flow_id":"18","steps":[{"id":20,"title":"Checkout (Woo)","type":"checkout"},{"id":21,"title":"Thank You (Woo)","type":"thankyou"}]}
 Current Step-checkout
==== Session Set Info ====

2024-03-10T02:44:22+00:00 INFO ==== Session Set Info ====
Flow-18 Session Set : 18_3740278559c3b6ae27e489ae0546301c
Flow Info: {"flow_id":"18","steps":[{"id":20,"title":"Checkout (Woo)","type":"checkout"},{"id":21,"title":"Thank You (Woo)","type":"thankyou"}]}
 Current Step-checkout
==== Session Set Info ====

2024-03-10T02:44:25+00:00 INFO ==== Session Set Info ====
Flow-18 Session Set : 18_28c14f0200badec52b094271463b16cc
Flow Info: {"flow_id":"18","steps":[{"id":20,"title":"Checkout (Woo)","type":"checkout"},{"id":21,"title":"Thank You (Woo)","type":"thankyou"}]}
 Current Step-checkout
==== Session Set Info ====

2024-03-10T03:12:51+00:00 INFO ==== Session Set Info ====
Flow-18 Session Set : 18_3261c6ad587631dcb074f60ffa82c30c
Flow Info: {"flow_id":"18","steps":[{"id":20,"title":"Checkout (Woo)","type":"checkout"},{"id":21,"title":"Thank You (Woo)","type":"thankyou"}]}
 Current Step-checkout
==== Session Set Info ====

2024-03-10T03:34:29+00:00 INFO ==== Session Set Info ====
Flow-18 Session Set : 18_93656256de218beef35d297805e5cd76
Flow Info: {"flow_id":"18","steps":[{"id":20,"title":"Checkout (Woo)","type":"checkout"},{"id":21,"title":"Thank You (Woo)","type":"thankyou"}]}
 Current Step-checkout
==== Session Set Info ====

2024-03-10T03:35:31+00:00 INFO ==== Session Set Info ====
Flow-18 Session Set : 18_675fe638035e3a7024eed5724a21246e
Flow Info: {"flow_id":"18","steps":[{"id":20,"title":"Checkout (Woo)","type":"checkout"},{"id":21,"title":"Thank You (Woo)","type":"thankyou"}]}
 Current Step-checkout
==== Session Set Info ====

2024-03-10T03:38:37+00:00 INFO ==== Session Set Info ====
Flow-18 Session Set : 18_1500ca96a6a33ae9cd6ab9ecf9d89765
Flow Info: {"flow_id":"18","steps":[{"id":20,"title":"Checkout (Woo)","type":"checkout"},{"id":21,"title":"Thank You (Woo)","type":"thankyou"}]}
 Current Step-checkout
==== Session Set Info ====

2024-03-10T03:57:51+00:00 INFO ==== Session Set Info ====
Flow-18 Session Set : 18_63a6ce1d3e6b996a4a0f5e2dcbad416e
Flow Info: {"flow_id":"18","steps":[{"id":20,"title":"Checkout (Woo)","type":"checkout"},{"id":21,"title":"Thank You (Woo)","type":"thankyou"}]}
 Current Step-checkout
==== Session Set Info ====

2024-03-10T03:58:24+00:00 INFO ==== Session Set Info ====
Flow-18 Session Set : 18_9e769d65a5ed4071babdeedb590e2059
Flow Info: {"flow_id":"18","steps":[{"id":20,"title":"Checkout (Woo)","type":"checkout"},{"id":21,"title":"Thank You (Woo)","type":"thankyou"}]}
 Current Step-checkout
==== Session Set Info ====

2024-03-10T04:03:20+00:00 INFO ==== Session Set Info ====
Flow-18 Session Set : 18_58a57e33d64436809347876cd6584525
Flow Info: {"flow_id":"18","steps":[{"id":20,"title":"Checkout (Woo)","type":"checkout"},{"id":21,"title":"Thank You (Woo)","type":"thankyou"}]}
 Current Step-checkout
==== Session Set Info ====

2024-03-10T04:13:40+00:00 INFO ==== Session Set Info ====
Flow-18 Session Set : 18_21691bea8545e6133ccf2f9f509b67cf
Flow Info: {"flow_id":"18","steps":[{"id":20,"title":"Checkout (Woo)","type":"checkout"},{"id":21,"title":"Thank You (Woo)","type":"thankyou"}]}
 Current Step-checkout
==== Session Set Info ====

2024-03-10T04:13:55+00:00 INFO ==== Session Set Info ====
Flow-18 Session Set : 18_70004b32575e0c0dc417afcec05997e5
Flow Info: {"flow_id":"18","steps":[{"id":20,"title":"Checkout (Woo)","type":"checkout"},{"id":21,"title":"Thank You (Woo)","type":"thankyou"}]}
 Current Step-checkout
==== Session Set Info ====

2024-03-10T04:17:50+00:00 INFO ==== Session Set Info ====
Flow-18 Session Set : 18_a96cbfef23c56be3ab869119e0b30f64
Flow Info: {"flow_id":"18","steps":[{"id":20,"title":"Checkout (Woo)","type":"checkout"},{"id":21,"title":"Thank You (Woo)","type":"thankyou"}]}
 Current Step-checkout
==== Session Set Info ====

2024-03-10T04:27:27+00:00 INFO ==== Session Set Info ====
Flow-18 Session Set : 18_59f8e1acd1f18cf2ab32a7498beb775d
Flow Info: {"flow_id":"18","steps":[{"id":20,"title":"Checkout (Woo)","type":"checkout"},{"id":21,"title":"Thank You (Woo)","type":"thankyou"}]}
 Current Step-checkout
==== Session Set Info ====

2024-03-10T04:29:09+00:00 INFO ==== Session Set Info ====
Flow-18 Session Set : 18_1afb5a1d76da0910ba58dd5412fecfb4
Flow Info: {"flow_id":"18","steps":[{"id":20,"title":"Checkout (Woo)","type":"checkout"},{"id":21,"title":"Thank You (Woo)","type":"thankyou"}]}
 Current Step-checkout
==== Session Set Info ====

2024-03-10T04:49:48+00:00 INFO ==== Session Set Info ====
Flow-18 Session Set : 18_6f2ad4c631e43e453dad48be23b9f3e3
Flow Info: {"flow_id":"18","steps":[{"id":20,"title":"Checkout (Woo)","type":"checkout"},{"id":21,"title":"Thank You (Woo)","type":"thankyou"}]}
 Current Step-checkout
==== Session Set Info ====

2024-03-10T05:15:01+00:00 INFO ==== Session Set Info ====
Flow-18 Session Set : 18_5a00d3c46f9e61b7c6d32e8572738041
Flow Info: {"flow_id":"18","steps":[{"id":20,"title":"Checkout (Woo)","type":"checkout"},{"id":21,"title":"Thank You (Woo)","type":"thankyou"}]}
 Current Step-checkout
==== Session Set Info ====

2024-03-10T06:11:58+00:00 INFO ==== Session Set Info ====
Flow-18 Session Set : 18_42d60d37b0fd19e466a937a35535b91b
Flow Info: {"flow_id":"18","steps":[{"id":20,"title":"Checkout (Woo)","type":"checkout"},{"id":21,"title":"Thank You (Woo)","type":"thankyou"}]}
 Current Step-checkout
==== Session Set Info ====

2024-03-10T06:12:17+00:00 INFO ==== Session Set Info ====
Flow-18 Session Set : 18_f62223e1b7299051a3e383fa30ef43db
Flow Info: {"flow_id":"18","steps":[{"id":20,"title":"Checkout (Woo)","type":"checkout"},{"id":21,"title":"Thank You (Woo)","type":"thankyou"}]}
 Current Step-checkout
==== Session Set Info ====

2024-03-10T06:12:44+00:00 INFO ==== Session Set Info ====
Flow-18 Session Set : 18_34fd02c91b31fa81f66ba20f37c0ff8a
Flow Info: {"flow_id":"18","steps":[{"id":20,"title":"Checkout (Woo)","type":"checkout"},{"id":21,"title":"Thank You (Woo)","type":"thankyou"}]}
 Current Step-checkout
==== Session Set Info ====

2024-03-10T06:34:42+00:00 INFO ==== Session Set Info ====
Flow-18 Session Set : 18_bd3a4ac014be9bfde11ba7d263ca48a3
Flow Info: {"flow_id":"18","steps":[{"id":20,"title":"Checkout (Woo)","type":"checkout"},{"id":21,"title":"Thank You (Woo)","type":"thankyou"}]}
 Current Step-checkout
==== Session Set Info ====

2024-03-10T06:37:41+00:00 INFO ==== Session Set Info ====
Flow-18 Session Set : 18_6d54ba341446883817d54044e7428c4a
Flow Info: {"flow_id":"18","steps":[{"id":20,"title":"Checkout (Woo)","type":"checkout"},{"id":21,"title":"Thank You (Woo)","type":"thankyou"}]}
 Current Step-checkout
==== Session Set Info ====

2024-03-10T07:07:20+00:00 INFO ==== Session Set Info ====
Flow-18 Session Set : 18_f56e5bfb1052e33a7a99fb669afd3513
Flow Info: {"flow_id":"18","steps":[{"id":20,"title":"Checkout (Woo)","type":"checkout"},{"id":21,"title":"Thank You (Woo)","type":"thankyou"}]}
 Current Step-checkout
==== Session Set Info ====

2024-03-10T07:22:29+00:00 INFO ==== Session Set Info ====
Flow-18 Session Set : 18_f942c2f0867304d4d70a9a48f241d04c
Flow Info: {"flow_id":"18","steps":[{"id":20,"title":"Checkout (Woo)","type":"checkout"},{"id":21,"title":"Thank You (Woo)","type":"thankyou"}]}
 Current Step-checkout
==== Session Set Info ====

2024-03-10T07:22:48+00:00 INFO ==== Session Set Info ====
Flow-18 Session Set : 18_79b22fc8dc77289d57eaad1a8e7f9197
Flow Info: {"flow_id":"18","steps":[{"id":20,"title":"Checkout (Woo)","type":"checkout"},{"id":21,"title":"Thank You (Woo)","type":"thankyou"}]}
 Current Step-checkout
==== Session Set Info ====

2024-03-10T07:37:33+00:00 INFO ==== Session Set Info ====
Flow-18 Session Set : 18_dad39571f833a0befd530e8601768703
Flow Info: {"flow_id":"18","steps":[{"id":20,"title":"Checkout (Woo)","type":"checkout"},{"id":21,"title":"Thank You (Woo)","type":"thankyou"}]}
 Current Step-checkout
==== Session Set Info ====

2024-03-10T07:45:32+00:00 INFO ==== Session Set Info ====
Flow-18 Session Set : 18_ffd1e371fd0bf0306f5daca7e6c0bdf2
Flow Info: {"flow_id":"18","steps":[{"id":20,"title":"Checkout (Woo)","type":"checkout"},{"id":21,"title":"Thank You (Woo)","type":"thankyou"}]}
 Current Step-checkout
==== Session Set Info ====

2024-03-10T07:45:46+00:00 INFO ==== Session Set Info ====
Flow-18 Session Set : 18_56c09acc2bde572480b9870198782aab
Flow Info: {"flow_id":"18","steps":[{"id":20,"title":"Checkout (Woo)","type":"checkout"},{"id":21,"title":"Thank You (Woo)","type":"thankyou"}]}
 Current Step-checkout
==== Session Set Info ====

2024-03-10T07:53:15+00:00 INFO ==== Session Set Info ====
Flow-18 Session Set : 18_97a120ad772c2c3d852e350c8a3cf88c
Flow Info: {"flow_id":"18","steps":[{"id":20,"title":"Checkout (Woo)","type":"checkout"},{"id":21,"title":"Thank You (Woo)","type":"thankyou"}]}
 Current Step-checkout
==== Session Set Info ====

2024-03-10T07:59:21+00:00 INFO ==== Session Set Info ====
Flow-18 Session Set : 18_8dce01261cb0b63705568b06b9dadab5
Flow Info: {"flow_id":"18","steps":[{"id":20,"title":"Checkout (Woo)","type":"checkout"},{"id":21,"title":"Thank You (Woo)","type":"thankyou"}]}
 Current Step-checkout
==== Session Set Info ====

2024-03-10T08:16:32+00:00 INFO ==== Session Set Info ====
Flow-18 Session Set : 18_09d1f3009a1a414afc5807b0d75904cf
Flow Info: {"flow_id":"18","steps":[{"id":20,"title":"Checkout (Woo)","type":"checkout"},{"id":21,"title":"Thank You (Woo)","type":"thankyou"}]}
 Current Step-checkout
==== Session Set Info ====

2024-03-10T08:17:22+00:00 INFO ==== Session Set Info ====
Flow-18 Session Set : 18_aff881e10565e0d3f0384b6c1fec280e
Flow Info: {"flow_id":"18","steps":[{"id":20,"title":"Checkout (Woo)","type":"checkout"},{"id":21,"title":"Thank You (Woo)","type":"thankyou"}]}
 Current Step-checkout
==== Session Set Info ====

2024-03-10T08:30:07+00:00 INFO ==== Session Set Info ====
Flow-18 Session Set : 18_23d2678fed8e3e0fb2508536c268d478
Flow Info: {"flow_id":"18","steps":[{"id":20,"title":"Checkout (Woo)","type":"checkout"},{"id":21,"title":"Thank You (Woo)","type":"thankyou"}]}
 Current Step-checkout
==== Session Set Info ====

2024-03-10T08:38:18+00:00 INFO ==== Session Set Info ====
Flow-18 Session Set : 18_67cf3916a3c5df6331423091591466e8
Flow Info: {"flow_id":"18","steps":[{"id":20,"title":"Checkout (Woo)","type":"checkout"},{"id":21,"title":"Thank You (Woo)","type":"thankyou"}]}
 Current Step-checkout
==== Session Set Info ====

2024-03-10T09:24:36+00:00 INFO ==== Session Set Info ====
Flow-18 Session Set : 18_59b16adca5d29b993af56216ad77252e
Flow Info: {"flow_id":"18","steps":[{"id":20,"title":"Checkout (Woo)","type":"checkout"},{"id":21,"title":"Thank You (Woo)","type":"thankyou"}]}
 Current Step-checkout
==== Session Set Info ====

2024-03-10T09:41:12+00:00 INFO ==== Session Set Info ====
Flow-18 Session Set : 18_6104a3cdccba173f4f6a37bfe4f054fc
Flow Info: {"flow_id":"18","steps":[{"id":20,"title":"Checkout (Woo)","type":"checkout"},{"id":21,"title":"Thank You (Woo)","type":"thankyou"}]}
 Current Step-checkout
==== Session Set Info ====

2024-03-10T09:41:23+00:00 INFO ==== Session Set Info ====
Flow-18 Session Set : 18_080d13b58bdf9cb02981cb120fe17382
Flow Info: {"flow_id":"18","steps":[{"id":20,"title":"Checkout (Woo)","type":"checkout"},{"id":21,"title":"Thank You (Woo)","type":"thankyou"}]}
 Current Step-checkout
==== Session Set Info ====

2024-03-10T09:42:03+00:00 INFO ==== Session Set Info ====
Flow-18 Session Set : 18_08c619e67da94c93594d688ad7035dbb
Flow Info: {"flow_id":"18","steps":[{"id":20,"title":"Checkout (Woo)","type":"checkout"},{"id":21,"title":"Thank You (Woo)","type":"thankyou"}]}
 Current Step-checkout
==== Session Set Info ====

2024-03-10T09:50:26+00:00 INFO ==== Session Set Info ====
Flow-18 Session Set : 18_f6ce0ecf09703e23bf3a3a4a640bb1ee
Flow Info: {"flow_id":"18","steps":[{"id":20,"title":"Checkout (Woo)","type":"checkout"},{"id":21,"title":"Thank You (Woo)","type":"thankyou"}]}
 Current Step-checkout
==== Session Set Info ====

2024-03-10T10:00:04+00:00 INFO ==== Session Set Info ====
Flow-18 Session Set : 18_cb647cb7ba02704748654e3f932d3cce
Flow Info: {"flow_id":"18","steps":[{"id":20,"title":"Checkout (Woo)","type":"checkout"},{"id":21,"title":"Thank You (Woo)","type":"thankyou"}]}
 Current Step-checkout
==== Session Set Info ====

2024-03-10T10:00:24+00:00 INFO ==== Session Set Info ====
Flow-18 Session Set : 18_9ba60c0b652e3c2208efb0acf2762fb4
Flow Info: {"flow_id":"18","steps":[{"id":20,"title":"Checkout (Woo)","type":"checkout"},{"id":21,"title":"Thank You (Woo)","type":"thankyou"}]}
 Current Step-checkout
==== Session Set Info ====

2024-03-10T10:06:35+00:00 INFO ==== Session Set Info ====
Flow-18 Session Set : 18_f283b750bf1d96e1f7a53aa4ac10e098
Flow Info: {"flow_id":"18","steps":[{"id":20,"title":"Checkout (Woo)","type":"checkout"},{"id":21,"title":"Thank You (Woo)","type":"thankyou"}]}
 Current Step-checkout
==== Session Set Info ====

2024-03-10T10:06:51+00:00 INFO ==== Session Set Info ====
Flow-18 Session Set : 18_8633b2ca3385de057e79c0f27941affe
Flow Info: {"flow_id":"18","steps":[{"id":20,"title":"Checkout (Woo)","type":"checkout"},{"id":21,"title":"Thank You (Woo)","type":"thankyou"}]}
 Current Step-checkout
==== Session Set Info ====

2024-03-10T10:18:04+00:00 INFO ==== Session Set Info ====
Flow-18 Session Set : 18_d064a9d386aacb6b7b75c4c32f1bb080
Flow Info: {"flow_id":"18","steps":[{"id":20,"title":"Checkout (Woo)","type":"checkout"},{"id":21,"title":"Thank You (Woo)","type":"thankyou"}]}
 Current Step-checkout
==== Session Set Info ====

2024-03-10T10:38:04+00:00 INFO ==== Session Set Info ====
Flow-18 Session Set : 18_7916419cbe5e871b904491842debed68
Flow Info: {"flow_id":"18","steps":[{"id":20,"title":"Checkout (Woo)","type":"checkout"},{"id":21,"title":"Thank You (Woo)","type":"thankyou"}]}
 Current Step-checkout
==== Session Set Info ====

2024-03-10T10:54:34+00:00 INFO ==== Session Set Info ====
Flow-18 Session Set : 18_e689f4160356746ea92c38dc3a7deb05
Flow Info: {"flow_id":"18","steps":[{"id":20,"title":"Checkout (Woo)","type":"checkout"},{"id":21,"title":"Thank You (Woo)","type":"thankyou"}]}
 Current Step-checkout
==== Session Set Info ====

2024-03-10T10:54:34+00:00 INFO ==== Session Set Info ====
Flow-18 Session Set : 18_acdb12283caa57ba9fd88232bf422e7b
Flow Info: {"flow_id":"18","steps":[{"id":20,"title":"Checkout (Woo)","type":"checkout"},{"id":21,"title":"Thank You (Woo)","type":"thankyou"}]}
 Current Step-checkout
==== Session Set Info ====

2024-03-10T11:01:29+00:00 INFO ==== Session Set Info ====
Flow-18 Session Set : 18_dc091e5f6d90848dd951cc2d2633c83f
Flow Info: {"flow_id":"18","steps":[{"id":20,"title":"Checkout (Woo)","type":"checkout"},{"id":21,"title":"Thank You (Woo)","type":"thankyou"}]}
 Current Step-checkout
==== Session Set Info ====

2024-03-10T11:01:47+00:00 INFO ==== Session Set Info ====
Flow-18 Session Set : 18_e6ae9e6e62752e180fce0afc5cd86e59
Flow Info: {"flow_id":"18","steps":[{"id":20,"title":"Checkout (Woo)","type":"checkout"},{"id":21,"title":"Thank You (Woo)","type":"thankyou"}]}
 Current Step-checkout
==== Session Set Info ====

2024-03-10T11:01:51+00:00 INFO ==== Session Set Info ====
Flow-18 Session Set : 18_0388b86f6ddf1e67414f0e9e512c2da0
Flow Info: {"flow_id":"18","steps":[{"id":20,"title":"Checkout (Woo)","type":"checkout"},{"id":21,"title":"Thank You (Woo)","type":"thankyou"}]}
 Current Step-checkout
==== Session Set Info ====

2024-03-10T11:15:27+00:00 INFO ==== Session Set Info ====
Flow-18 Session Set : 18_775f8312a1071d08187e3c082f7971f4
Flow Info: {"flow_id":"18","steps":[{"id":20,"title":"Checkout (Woo)","type":"checkout"},{"id":21,"title":"Thank You (Woo)","type":"thankyou"}]}
 Current Step-checkout
==== Session Set Info ====

2024-03-10T11:25:39+00:00 INFO ==== Session Set Info ====
Flow-18 Session Set : 18_c9a8fd2ab1d78eda39deea135c7e94c7
Flow Info: {"flow_id":"18","steps":[{"id":20,"title":"Checkout (Woo)","type":"checkout"},{"id":21,"title":"Thank You (Woo)","type":"thankyou"}]}
 Current Step-checkout
==== Session Set Info ====

2024-03-10T11:25:51+00:00 INFO ==== Session Set Info ====
Flow-18 Session Set : 18_9a5821167a0a8185b213709d77da0032
Flow Info: {"flow_id":"18","steps":[{"id":20,"title":"Checkout (Woo)","type":"checkout"},{"id":21,"title":"Thank You (Woo)","type":"thankyou"}]}
 Current Step-checkout
==== Session Set Info ====

2024-03-10T11:28:30+00:00 INFO ==== Session Set Info ====
Flow-18 Session Set : 18_3396f96169d20a5b8a1113b47349dc2b
Flow Info: {"flow_id":"18","steps":[{"id":20,"title":"Checkout (Woo)","type":"checkout"},{"id":21,"title":"Thank You (Woo)","type":"thankyou"}]}
 Current Step-checkout
==== Session Set Info ====

2024-03-10T11:32:47+00:00 INFO ==== Session Set Info ====
Flow-18 Session Set : 18_71f28492e04ee8ec17a593e41f64f035
Flow Info: {"flow_id":"18","steps":[{"id":20,"title":"Checkout (Woo)","type":"checkout"},{"id":21,"title":"Thank You (Woo)","type":"thankyou"}]}
 Current Step-checkout
==== Session Set Info ====

2024-03-10T11:37:33+00:00 INFO ==== Session Set Info ====
Flow-18 Session Set : 18_865d27a29037fffe6fd453a26d237e01
Flow Info: {"flow_id":"18","steps":[{"id":20,"title":"Checkout (Woo)","type":"checkout"},{"id":21,"title":"Thank You (Woo)","type":"thankyou"}]}
 Current Step-checkout
==== Session Set Info ====

2024-03-10T11:57:54+00:00 INFO ==== Session Set Info ====
Flow-18 Session Set : 18_6cc3ae90c0ad3190c4e85dfd36cc7a53
Flow Info: {"flow_id":"18","steps":[{"id":20,"title":"Checkout (Woo)","type":"checkout"},{"id":21,"title":"Thank You (Woo)","type":"thankyou"}]}
 Current Step-checkout
==== Session Set Info ====

2024-03-10T11:58:31+00:00 INFO ==== Session Set Info ====
Flow-18 Session Set : 18_9375fc1057c8fec0aefbe173ad14da6d
Flow Info: {"flow_id":"18","steps":[{"id":20,"title":"Checkout (Woo)","type":"checkout"},{"id":21,"title":"Thank You (Woo)","type":"thankyou"}]}
 Current Step-checkout
==== Session Set Info ====

2024-03-10T12:37:11+00:00 INFO ==== Session Set Info ====
Flow-18 Session Set : 18_ff34dd826e06fee6a20f2de70af0d621
Flow Info: {"flow_id":"18","steps":[{"id":20,"title":"Checkout (Woo)","type":"checkout"},{"id":21,"title":"Thank You (Woo)","type":"thankyou"}]}
 Current Step-checkout
==== Session Set Info ====

2024-03-10T12:37:16+00:00 INFO ==== Session Set Info ====
Flow-18 Session Set : 18_41d893f464d62d4adc599f47f9142435
Flow Info: {"flow_id":"18","steps":[{"id":20,"title":"Checkout (Woo)","type":"checkout"},{"id":21,"title":"Thank You (Woo)","type":"thankyou"}]}
 Current Step-checkout
==== Session Set Info ====

2024-03-10T13:22:58+00:00 INFO ==== Session Set Info ====
Flow-18 Session Set : 18_60052ee5ea8a9377ba67648b1168c223
Flow Info: {"flow_id":"18","steps":[{"id":20,"title":"Checkout (Woo)","type":"checkout"},{"id":21,"title":"Thank You (Woo)","type":"thankyou"}]}
 Current Step-checkout
==== Session Set Info ====

2024-03-10T14:02:12+00:00 INFO ==== Session Set Info ====
Flow-18 Session Set : 18_bd6da879fbe8526cee78f25fbc4d5ed0
Flow Info: {"flow_id":"18","steps":[{"id":20,"title":"Checkout (Woo)","type":"checkout"},{"id":21,"title":"Thank You (Woo)","type":"thankyou"}]}
 Current Step-checkout
==== Session Set Info ====

2024-03-10T14:09:02+00:00 INFO ==== Session Set Info ====
Flow-18 Session Set : 18_9d501624afa642b77b292e1c3d797d02
Flow Info: {"flow_id":"18","steps":[{"id":20,"title":"Checkout (Woo)","type":"checkout"},{"id":21,"title":"Thank You (Woo)","type":"thankyou"}]}
 Current Step-checkout
==== Session Set Info ====

2024-03-10T14:16:10+00:00 INFO ==== Session Set Info ====
Flow-18 Session Set : 18_6fa43ce2889bd91a106d524bbdb17f7b
Flow Info: {"flow_id":"18","steps":[{"id":20,"title":"Checkout (Woo)","type":"checkout"},{"id":21,"title":"Thank You (Woo)","type":"thankyou"}]}
 Current Step-checkout
==== Session Set Info ====

2024-03-10T14:16:11+00:00 INFO ==== Session Set Info ====
Flow-18 Session Set : 18_6fa43ce2889bd91a106d524bbdb17f7b
Flow Info: {"flow_id":"18","steps":[{"id":20,"title":"Checkout (Woo)","type":"checkout"},{"id":21,"title":"Thank You (Woo)","type":"thankyou"}]}
 Current Step-checkout
==== Session Set Info ====

