2024-03-09T00:02:59+00:00 INFO ==== Session Set Info ====
Flow-18 Session Set : 18_ff7e6b3fdc44be3bcca6b0e2ae218690
Flow Info: {"flow_id":"18","steps":[{"id":20,"title":"Checkout (Woo)","type":"checkout"},{"id":21,"title":"Thank You (Woo)","type":"thankyou"}]}
 Current Step-checkout
==== Session Set Info ====

2024-03-09T00:49:34+00:00 INFO ==== Session Set Info ====
Flow-18 Session Set : 18_33b5d1d9da02dd09216abd95c03b2a97
Flow Info: {"flow_id":"18","steps":[{"id":20,"title":"Checkout (Woo)","type":"checkout"},{"id":21,"title":"Thank You (Woo)","type":"thankyou"}]}
 Current Step-checkout
==== Session Set Info ====

2024-03-09T02:06:09+00:00 INFO ==== Session Set Info ====
Flow-18 Session Set : 18_4947be8015d9204ad3cbcf90f81bc1be
Flow Info: {"flow_id":"18","steps":[{"id":20,"title":"Checkout (Woo)","type":"checkout"},{"id":21,"title":"Thank You (Woo)","type":"thankyou"}]}
 Current Step-checkout
==== Session Set Info ====

2024-03-09T02:20:12+00:00 INFO ==== Session Set Info ====
Flow-18 Session Set : 18_974e760faedbc2333c961f56539f9ebd
Flow Info: {"flow_id":"18","steps":[{"id":20,"title":"Checkout (Woo)","type":"checkout"},{"id":21,"title":"Thank You (Woo)","type":"thankyou"}]}
 Current Step-checkout
==== Session Set Info ====

2024-03-09T02:49:42+00:00 INFO ==== Session Set Info ====
Flow-18 Session Set : 18_f0da68644dce7ab33fe39cc53bdfc1dc
Flow Info: {"flow_id":"18","steps":[{"id":20,"title":"Checkout (Woo)","type":"checkout"},{"id":21,"title":"Thank You (Woo)","type":"thankyou"}]}
 Current Step-checkout
==== Session Set Info ====

2024-03-09T03:12:21+00:00 INFO ==== Session Set Info ====
Flow-18 Session Set : 18_ba48287dc772b0a41b9afa528a71d76e
Flow Info: {"flow_id":"18","steps":[{"id":20,"title":"Checkout (Woo)","type":"checkout"},{"id":21,"title":"Thank You (Woo)","type":"thankyou"}]}
 Current Step-checkout
==== Session Set Info ====

2024-03-09T03:18:22+00:00 INFO ==== Session Set Info ====
Flow-18 Session Set : 18_65549cbc2d3f855d0a269ffe66da05f0
Flow Info: {"flow_id":"18","steps":[{"id":20,"title":"Checkout (Woo)","type":"checkout"},{"id":21,"title":"Thank You (Woo)","type":"thankyou"}]}
 Current Step-checkout
==== Session Set Info ====

2024-03-09T03:23:15+00:00 INFO ==== Session Set Info ====
Flow-18 Session Set : 18_10e077dce3476addc9082b0b73ebe325
Flow Info: {"flow_id":"18","steps":[{"id":20,"title":"Checkout (Woo)","type":"checkout"},{"id":21,"title":"Thank You (Woo)","type":"thankyou"}]}
 Current Step-checkout
==== Session Set Info ====

2024-03-09T03:57:27+00:00 INFO ==== Session Set Info ====
Flow-18 Session Set : 18_4009a7c31b33df40f02fddc8bb674467
Flow Info: {"flow_id":"18","steps":[{"id":20,"title":"Checkout (Woo)","type":"checkout"},{"id":21,"title":"Thank You (Woo)","type":"thankyou"}]}
 Current Step-checkout
==== Session Set Info ====

2024-03-09T03:57:29+00:00 INFO ==== Session Set Info ====
Flow-18 Session Set : 18_7bb48fd6513ebba0217d831df51e37b7
Flow Info: {"flow_id":"18","steps":[{"id":20,"title":"Checkout (Woo)","type":"checkout"},{"id":21,"title":"Thank You (Woo)","type":"thankyou"}]}
 Current Step-checkout
==== Session Set Info ====

2024-03-09T04:17:06+00:00 INFO ==== Session Set Info ====
Flow-18 Session Set : 18_d89bd718deced1491f661e26f31f17b6
Flow Info: {"flow_id":"18","steps":[{"id":20,"title":"Checkout (Woo)","type":"checkout"},{"id":21,"title":"Thank You (Woo)","type":"thankyou"}]}
 Current Step-checkout
==== Session Set Info ====

2024-03-09T04:28:23+00:00 INFO ==== Session Set Info ====
Flow-18 Session Set : 18_2ea3b34762c91d05208a5548670040b9
Flow Info: {"flow_id":"18","steps":[{"id":20,"title":"Checkout (Woo)","type":"checkout"},{"id":21,"title":"Thank You (Woo)","type":"thankyou"}]}
 Current Step-checkout
==== Session Set Info ====

2024-03-09T04:28:25+00:00 INFO ==== Session Set Info ====
Flow-18 Session Set : 18_7ac873858db7ae1835b768097d2292d5
Flow Info: {"flow_id":"18","steps":[{"id":20,"title":"Checkout (Woo)","type":"checkout"},{"id":21,"title":"Thank You (Woo)","type":"thankyou"}]}
 Current Step-checkout
==== Session Set Info ====

2024-03-09T05:21:17+00:00 INFO ==== Session Set Info ====
Flow-18 Session Set : 18_d304f8271af1ead2f91cd0d346cea9ea
Flow Info: {"flow_id":"18","steps":[{"id":20,"title":"Checkout (Woo)","type":"checkout"},{"id":21,"title":"Thank You (Woo)","type":"thankyou"}]}
 Current Step-checkout
==== Session Set Info ====

2024-03-09T05:28:31+00:00 INFO ==== Session Set Info ====
Flow-18 Session Set : 18_10b57b1ca37d621045faccf2bb7eee24
Flow Info: {"flow_id":"18","steps":[{"id":20,"title":"Checkout (Woo)","type":"checkout"},{"id":21,"title":"Thank You (Woo)","type":"thankyou"}]}
 Current Step-checkout
==== Session Set Info ====

2024-03-09T05:56:54+00:00 INFO ==== Session Set Info ====
Flow-18 Session Set : 18_5afb79c6c47925572575c608effc35eb
Flow Info: {"flow_id":"18","steps":[{"id":20,"title":"Checkout (Woo)","type":"checkout"},{"id":21,"title":"Thank You (Woo)","type":"thankyou"}]}
 Current Step-checkout
==== Session Set Info ====

2024-03-09T06:27:33+00:00 INFO ==== Session Set Info ====
Flow-18 Session Set : 18_141bffdac23b58936cb15fbbee433f2a
Flow Info: {"flow_id":"18","steps":[{"id":20,"title":"Checkout (Woo)","type":"checkout"},{"id":21,"title":"Thank You (Woo)","type":"thankyou"}]}
 Current Step-checkout
==== Session Set Info ====

2024-03-09T07:10:25+00:00 INFO ==== Session Set Info ====
Flow-18 Session Set : 18_fdb292dfcee8c99068e0dbc5899d097d
Flow Info: {"flow_id":"18","steps":[{"id":20,"title":"Checkout (Woo)","type":"checkout"},{"id":21,"title":"Thank You (Woo)","type":"thankyou"}]}
 Current Step-checkout
==== Session Set Info ====

2024-03-09T07:10:30+00:00 INFO ==== Session Set Info ====
Flow-18 Session Set : 18_5aa540a9046234d218fdcf2f5e763eca
Flow Info: {"flow_id":"18","steps":[{"id":20,"title":"Checkout (Woo)","type":"checkout"},{"id":21,"title":"Thank You (Woo)","type":"thankyou"}]}
 Current Step-checkout
==== Session Set Info ====

2024-03-09T07:17:04+00:00 INFO ==== Session Set Info ====
Flow-18 Session Set : 18_a01a61665edecc67084a47fb01626a22
Flow Info: {"flow_id":"18","steps":[{"id":20,"title":"Checkout (Woo)","type":"checkout"},{"id":21,"title":"Thank You (Woo)","type":"thankyou"}]}
 Current Step-checkout
==== Session Set Info ====

2024-03-09T07:30:12+00:00 INFO ==== Session Set Info ====
Flow-18 Session Set : 18_7ed7cf6e76866e21c57d7436e148ca30
Flow Info: {"flow_id":"18","steps":[{"id":20,"title":"Checkout (Woo)","type":"checkout"},{"id":21,"title":"Thank You (Woo)","type":"thankyou"}]}
 Current Step-checkout
==== Session Set Info ====

2024-03-09T07:30:15+00:00 INFO ==== Session Set Info ====
Flow-18 Session Set : 18_e55af8d552111bad42c421a8b84a434d
Flow Info: {"flow_id":"18","steps":[{"id":20,"title":"Checkout (Woo)","type":"checkout"},{"id":21,"title":"Thank You (Woo)","type":"thankyou"}]}
 Current Step-checkout
==== Session Set Info ====

2024-03-09T07:43:31+00:00 INFO ==== Session Set Info ====
Flow-18 Session Set : 18_ec3cf0820795c591599707073ff9d2e6
Flow Info: {"flow_id":"18","steps":[{"id":20,"title":"Checkout (Woo)","type":"checkout"},{"id":21,"title":"Thank You (Woo)","type":"thankyou"}]}
 Current Step-checkout
==== Session Set Info ====

2024-03-09T08:13:52+00:00 INFO ==== Session Set Info ====
Flow-18 Session Set : 18_31d480b17dcfe99bb46be9f9d9593415
Flow Info: {"flow_id":"18","steps":[{"id":20,"title":"Checkout (Woo)","type":"checkout"},{"id":21,"title":"Thank You (Woo)","type":"thankyou"}]}
 Current Step-checkout
==== Session Set Info ====

2024-03-09T08:16:13+00:00 INFO ==== Session Set Info ====
Flow-18 Session Set : 18_856d619d8ec5cd8ed0a67b26061ee68a
Flow Info: {"flow_id":"18","steps":[{"id":20,"title":"Checkout (Woo)","type":"checkout"},{"id":21,"title":"Thank You (Woo)","type":"thankyou"}]}
 Current Step-checkout
==== Session Set Info ====

2024-03-09T09:01:05+00:00 INFO ==== Session Set Info ====
Flow-18 Session Set : 18_42a7ba78f3e639ce4c8b267f2ce2207d
Flow Info: {"flow_id":"18","steps":[{"id":20,"title":"Checkout (Woo)","type":"checkout"},{"id":21,"title":"Thank You (Woo)","type":"thankyou"}]}
 Current Step-checkout
==== Session Set Info ====

2024-03-09T09:01:06+00:00 INFO ==== Session Set Info ====
Flow-18 Session Set : 18_34df14275ee658285bc01dd2035bd5f3
Flow Info: {"flow_id":"18","steps":[{"id":20,"title":"Checkout (Woo)","type":"checkout"},{"id":21,"title":"Thank You (Woo)","type":"thankyou"}]}
 Current Step-checkout
==== Session Set Info ====

2024-03-09T09:05:22+00:00 INFO ==== Session Set Info ====
Flow-18 Session Set : 18_f78bdd43c2ad319895ab33309e735584
Flow Info: {"flow_id":"18","steps":[{"id":20,"title":"Checkout (Woo)","type":"checkout"},{"id":21,"title":"Thank You (Woo)","type":"thankyou"}]}
 Current Step-checkout
==== Session Set Info ====

2024-03-09T09:10:47+00:00 INFO ==== Session Set Info ====
Flow-18 Session Set : 18_173631b928fa8b8d76ff362710ea5a48
Flow Info: {"flow_id":"18","steps":[{"id":20,"title":"Checkout (Woo)","type":"checkout"},{"id":21,"title":"Thank You (Woo)","type":"thankyou"}]}
 Current Step-checkout
==== Session Set Info ====

2024-03-09T09:15:37+00:00 INFO ==== Session Set Info ====
Flow-18 Session Set : 18_3a45007529f4ae736a1736546e58af52
Flow Info: {"flow_id":"18","steps":[{"id":20,"title":"Checkout (Woo)","type":"checkout"},{"id":21,"title":"Thank You (Woo)","type":"thankyou"}]}
 Current Step-checkout
==== Session Set Info ====

2024-03-09T10:11:14+00:00 INFO ==== Session Set Info ====
Flow-18 Session Set : 18_c5ef39470fa0cd15586d4dbfd0af29d4
Flow Info: {"flow_id":"18","steps":[{"id":20,"title":"Checkout (Woo)","type":"checkout"},{"id":21,"title":"Thank You (Woo)","type":"thankyou"}]}
 Current Step-checkout
==== Session Set Info ====

2024-03-09T11:04:47+00:00 INFO ==== Session Set Info ====
Flow-18 Session Set : 18_4f4bf444c6730ab0a11ba6ace9c5bea6
Flow Info: {"flow_id":"18","steps":[{"id":20,"title":"Checkout (Woo)","type":"checkout"},{"id":21,"title":"Thank You (Woo)","type":"thankyou"}]}
 Current Step-checkout
==== Session Set Info ====

2024-03-09T11:25:17+00:00 INFO ==== Session Set Info ====
Flow-18 Session Set : 18_8a761425540eca66846ee1d771f7a9ad
Flow Info: {"flow_id":"18","steps":[{"id":20,"title":"Checkout (Woo)","type":"checkout"},{"id":21,"title":"Thank You (Woo)","type":"thankyou"}]}
 Current Step-checkout
==== Session Set Info ====

2024-03-09T11:25:31+00:00 INFO ==== Session Set Info ====
Flow-18 Session Set : 18_11e9f9f5fbf040186cd64215a54e9463
Flow Info: {"flow_id":"18","steps":[{"id":20,"title":"Checkout (Woo)","type":"checkout"},{"id":21,"title":"Thank You (Woo)","type":"thankyou"}]}
 Current Step-checkout
==== Session Set Info ====

2024-03-09T11:34:47+00:00 INFO ==== Session Set Info ====
Flow-18 Session Set : 18_550dfae999c4f8ef3c1318ff4cda9ae7
Flow Info: {"flow_id":"18","steps":[{"id":20,"title":"Checkout (Woo)","type":"checkout"},{"id":21,"title":"Thank You (Woo)","type":"thankyou"}]}
 Current Step-checkout
==== Session Set Info ====

2024-03-09T11:37:24+00:00 INFO ==== Session Set Info ====
Flow-18 Session Set : 18_4fb720dff1507a090169ac875c63c6b3
Flow Info: {"flow_id":"18","steps":[{"id":20,"title":"Checkout (Woo)","type":"checkout"},{"id":21,"title":"Thank You (Woo)","type":"thankyou"}]}
 Current Step-checkout
==== Session Set Info ====

2024-03-09T11:38:13+00:00 INFO ==== Session Set Info ====
Flow-18 Session Set : 18_518758686ad5cf8f3bb8a26cc9f0cb7c
Flow Info: {"flow_id":"18","steps":[{"id":20,"title":"Checkout (Woo)","type":"checkout"},{"id":21,"title":"Thank You (Woo)","type":"thankyou"}]}
 Current Step-checkout
==== Session Set Info ====

2024-03-09T11:42:03+00:00 INFO ==== Session Set Info ====
Flow-18 Session Set : 18_0313f4cce273eb245e2c492669e670d9
Flow Info: {"flow_id":"18","steps":[{"id":20,"title":"Checkout (Woo)","type":"checkout"},{"id":21,"title":"Thank You (Woo)","type":"thankyou"}]}
 Current Step-checkout
==== Session Set Info ====

2024-03-09T12:06:33+00:00 INFO ==== Session Set Info ====
Flow-18 Session Set : 18_875cf6cad61e5374566907bf4be1f6e5
Flow Info: {"flow_id":"18","steps":[{"id":20,"title":"Checkout (Woo)","type":"checkout"},{"id":21,"title":"Thank You (Woo)","type":"thankyou"}]}
 Current Step-checkout
==== Session Set Info ====

2024-03-09T12:09:47+00:00 INFO ==== Session Set Info ====
Flow-18 Session Set : 18_58ab1aced94d34b3485611388d40b3bf
Flow Info: {"flow_id":"18","steps":[{"id":20,"title":"Checkout (Woo)","type":"checkout"},{"id":21,"title":"Thank You (Woo)","type":"thankyou"}]}
 Current Step-checkout
==== Session Set Info ====

2024-03-09T12:41:46+00:00 INFO ==== Session Set Info ====
Flow-18 Session Set : 18_b2da95dcf5be32f27370176bbb77a471
Flow Info: {"flow_id":"18","steps":[{"id":20,"title":"Checkout (Woo)","type":"checkout"},{"id":21,"title":"Thank You (Woo)","type":"thankyou"}]}
 Current Step-checkout
==== Session Set Info ====

2024-03-09T12:53:20+00:00 INFO ==== Session Set Info ====
Flow-18 Session Set : 18_dadbcaaf0679e7392a4c3cb4ccdb6b7a
Flow Info: {"flow_id":"18","steps":[{"id":20,"title":"Checkout (Woo)","type":"checkout"},{"id":21,"title":"Thank You (Woo)","type":"thankyou"}]}
 Current Step-checkout
==== Session Set Info ====

2024-03-09T12:53:29+00:00 INFO ==== Session Set Info ====
Flow-18 Session Set : 18_8bebfa3eb7e71d2035c353e5ea7bb814
Flow Info: {"flow_id":"18","steps":[{"id":20,"title":"Checkout (Woo)","type":"checkout"},{"id":21,"title":"Thank You (Woo)","type":"thankyou"}]}
 Current Step-checkout
==== Session Set Info ====

2024-03-09T13:00:43+00:00 INFO ==== Session Set Info ====
Flow-18 Session Set : 18_73dbe970927b05929336aa2ad31f729f
Flow Info: {"flow_id":"18","steps":[{"id":20,"title":"Checkout (Woo)","type":"checkout"},{"id":21,"title":"Thank You (Woo)","type":"thankyou"}]}
 Current Step-checkout
==== Session Set Info ====

2024-03-09T13:05:10+00:00 INFO ==== Session Set Info ====
Flow-18 Session Set : 18_f3e6db44e33487c8f42015a156efd1fb
Flow Info: {"flow_id":"18","steps":[{"id":20,"title":"Checkout (Woo)","type":"checkout"},{"id":21,"title":"Thank You (Woo)","type":"thankyou"}]}
 Current Step-checkout
==== Session Set Info ====

2024-03-09T13:05:32+00:00 INFO ==== Session Set Info ====
Flow-18 Session Set : 18_d6cd6dd8738080a4b8e7436e00fa511e
Flow Info: {"flow_id":"18","steps":[{"id":20,"title":"Checkout (Woo)","type":"checkout"},{"id":21,"title":"Thank You (Woo)","type":"thankyou"}]}
 Current Step-checkout
==== Session Set Info ====

2024-03-09T13:15:16+00:00 INFO ==== Session Set Info ====
Flow-18 Session Set : 18_16658a8b70300f2fc8d0e80e6ebeed04
Flow Info: {"flow_id":"18","steps":[{"id":20,"title":"Checkout (Woo)","type":"checkout"},{"id":21,"title":"Thank You (Woo)","type":"thankyou"}]}
 Current Step-checkout
==== Session Set Info ====

2024-03-09T13:15:40+00:00 INFO ==== Session Set Info ====
Flow-18 Session Set : 18_992a83deb1117d705e910606739b761b
Flow Info: {"flow_id":"18","steps":[{"id":20,"title":"Checkout (Woo)","type":"checkout"},{"id":21,"title":"Thank You (Woo)","type":"thankyou"}]}
 Current Step-checkout
==== Session Set Info ====

2024-03-09T13:25:07+00:00 INFO ==== Session Set Info ====
Flow-18 Session Set : 18_ee1dcaf4d9d5aebdc7b54e2372cc6a7e
Flow Info: {"flow_id":"18","steps":[{"id":20,"title":"Checkout (Woo)","type":"checkout"},{"id":21,"title":"Thank You (Woo)","type":"thankyou"}]}
 Current Step-checkout
==== Session Set Info ====

2024-03-09T13:38:57+00:00 INFO ==== Session Set Info ====
Flow-18 Session Set : 18_43e41224e08626c027081691ce4aa763
Flow Info: {"flow_id":"18","steps":[{"id":20,"title":"Checkout (Woo)","type":"checkout"},{"id":21,"title":"Thank You (Woo)","type":"thankyou"}]}
 Current Step-checkout
==== Session Set Info ====

2024-03-09T14:21:17+00:00 INFO ==== Session Set Info ====
Flow-18 Session Set : 18_ff0ae80711a9e45569d6b64335f83391
Flow Info: {"flow_id":"18","steps":[{"id":20,"title":"Checkout (Woo)","type":"checkout"},{"id":21,"title":"Thank You (Woo)","type":"thankyou"}]}
 Current Step-checkout
==== Session Set Info ====

2024-03-09T14:24:38+00:00 INFO ==== Session Set Info ====
Flow-18 Session Set : 18_a5fd4f02d42d5ad11c2bea3a5135765e
Flow Info: {"flow_id":"18","steps":[{"id":20,"title":"Checkout (Woo)","type":"checkout"},{"id":21,"title":"Thank You (Woo)","type":"thankyou"}]}
 Current Step-checkout
==== Session Set Info ====

2024-03-09T15:07:07+00:00 INFO ==== Session Set Info ====
Flow-18 Session Set : 18_616fd9bc2afae8b3f5bcfa0fef14347f
Flow Info: {"flow_id":"18","steps":[{"id":20,"title":"Checkout (Woo)","type":"checkout"},{"id":21,"title":"Thank You (Woo)","type":"thankyou"}]}
 Current Step-checkout
==== Session Set Info ====

2024-03-09T15:10:57+00:00 INFO ==== Session Set Info ====
Flow-18 Session Set : 18_98f40184048f3c5cd08257fb7e43ae8a
Flow Info: {"flow_id":"18","steps":[{"id":20,"title":"Checkout (Woo)","type":"checkout"},{"id":21,"title":"Thank You (Woo)","type":"thankyou"}]}
 Current Step-checkout
==== Session Set Info ====

2024-03-09T16:27:50+00:00 INFO ==== Session Set Info ====
Flow-18 Session Set : 18_0b30219bcb1a1a815a5e825fc329236b
Flow Info: {"flow_id":"18","steps":[{"id":20,"title":"Checkout (Woo)","type":"checkout"},{"id":21,"title":"Thank You (Woo)","type":"thankyou"}]}
 Current Step-checkout
==== Session Set Info ====

2024-03-09T16:28:02+00:00 INFO ==== Session Set Info ====
Flow-18 Session Set : 18_bd704954179c2caf9e736921f2be0878
Flow Info: {"flow_id":"18","steps":[{"id":20,"title":"Checkout (Woo)","type":"checkout"},{"id":21,"title":"Thank You (Woo)","type":"thankyou"}]}
 Current Step-checkout
==== Session Set Info ====

2024-03-09T16:47:02+00:00 INFO ==== Session Set Info ====
Flow-18 Session Set : 18_a94b854b0a221197b2ad68a270389bd1
Flow Info: {"flow_id":"18","steps":[{"id":20,"title":"Checkout (Woo)","type":"checkout"},{"id":21,"title":"Thank You (Woo)","type":"thankyou"}]}
 Current Step-checkout
==== Session Set Info ====

2024-03-09T16:47:07+00:00 INFO ==== Session Set Info ====
Flow-18 Session Set : 18_cd131b597739ab2daa85c5438b6e1b75
Flow Info: {"flow_id":"18","steps":[{"id":20,"title":"Checkout (Woo)","type":"checkout"},{"id":21,"title":"Thank You (Woo)","type":"thankyou"}]}
 Current Step-checkout
==== Session Set Info ====

2024-03-09T16:49:36+00:00 INFO ==== Session Set Info ====
Flow-18 Session Set : 18_c3d7d04a6f8e0977c43ec884b5db70e8
Flow Info: {"flow_id":"18","steps":[{"id":20,"title":"Checkout (Woo)","type":"checkout"},{"id":21,"title":"Thank You (Woo)","type":"thankyou"}]}
 Current Step-checkout
==== Session Set Info ====

2024-03-09T17:23:59+00:00 INFO ==== Session Set Info ====
Flow-18 Session Set : 18_87f36b24d981450c3cd387ffe5c3da87
Flow Info: {"flow_id":"18","steps":[{"id":20,"title":"Checkout (Woo)","type":"checkout"},{"id":21,"title":"Thank You (Woo)","type":"thankyou"}]}
 Current Step-checkout
==== Session Set Info ====

2024-03-09T17:43:56+00:00 INFO ==== Session Set Info ====
Flow-18 Session Set : 18_eed9aa86895feac2319e2b352abb3271
Flow Info: {"flow_id":"18","steps":[{"id":20,"title":"Checkout (Woo)","type":"checkout"},{"id":21,"title":"Thank You (Woo)","type":"thankyou"}]}
 Current Step-checkout
==== Session Set Info ====

2024-03-09T17:44:04+00:00 INFO ==== Session Set Info ====
Flow-18 Session Set : 18_4205c71e03be6c0bbbb3271dc4b5affe
Flow Info: {"flow_id":"18","steps":[{"id":20,"title":"Checkout (Woo)","type":"checkout"},{"id":21,"title":"Thank You (Woo)","type":"thankyou"}]}
 Current Step-checkout
==== Session Set Info ====

2024-03-09T17:49:04+00:00 INFO ==== Session Set Info ====
Flow-18 Session Set : 18_3fed584af1364fa155030eb4281cc51f
Flow Info: {"flow_id":"18","steps":[{"id":20,"title":"Checkout (Woo)","type":"checkout"},{"id":21,"title":"Thank You (Woo)","type":"thankyou"}]}
 Current Step-checkout
==== Session Set Info ====

2024-03-09T17:49:05+00:00 INFO ==== Session Set Info ====
Flow-18 Session Set : 18_db836adb3e04989adeed2461cce5ae9b
Flow Info: {"flow_id":"18","steps":[{"id":20,"title":"Checkout (Woo)","type":"checkout"},{"id":21,"title":"Thank You (Woo)","type":"thankyou"}]}
 Current Step-checkout
==== Session Set Info ====

2024-03-09T18:09:56+00:00 INFO ==== Session Set Info ====
Flow-18 Session Set : 18_1e144c01a1b4846ba7e1a54a9bfb9063
Flow Info: {"flow_id":"18","steps":[{"id":20,"title":"Checkout (Woo)","type":"checkout"},{"id":21,"title":"Thank You (Woo)","type":"thankyou"}]}
 Current Step-checkout
==== Session Set Info ====

2024-03-09T18:10:16+00:00 INFO ==== Session Set Info ====
Flow-18 Session Set : 18_ec2aa7f335b7921c9f119431f5d89718
Flow Info: {"flow_id":"18","steps":[{"id":20,"title":"Checkout (Woo)","type":"checkout"},{"id":21,"title":"Thank You (Woo)","type":"thankyou"}]}
 Current Step-checkout
==== Session Set Info ====

2024-03-09T18:10:19+00:00 INFO ==== Session Set Info ====
Flow-18 Session Set : 18_c6a1df05c4f20d565165ea1f406e07da
Flow Info: {"flow_id":"18","steps":[{"id":20,"title":"Checkout (Woo)","type":"checkout"},{"id":21,"title":"Thank You (Woo)","type":"thankyou"}]}
 Current Step-checkout
==== Session Set Info ====

2024-03-09T18:10:40+00:00 INFO ==== Session Set Info ====
Flow-18 Session Set : 18_c6a1df05c4f20d565165ea1f406e07da
Flow Info: {"flow_id":"18","steps":[{"id":20,"title":"Checkout (Woo)","type":"checkout"},{"id":21,"title":"Thank You (Woo)","type":"thankyou"}]}
 Current Step-checkout
==== Session Set Info ====

2024-03-09T18:10:51+00:00 INFO ==== Session Set Info ====
Flow-18 Session Set : 18_8855d4181e1f8a4264e8a5c7cfb828a4
Flow Info: {"flow_id":"18","steps":[{"id":20,"title":"Checkout (Woo)","type":"checkout"},{"id":21,"title":"Thank You (Woo)","type":"thankyou"}]}
 Current Step-checkout
==== Session Set Info ====

2024-03-09T18:12:15+00:00 INFO ==== Session Set Info ====
Flow-18 Session Set : 18_6a3adfcb6cab78469ddd5ad6c3dcc013
Flow Info: {"flow_id":"18","steps":[{"id":20,"title":"Checkout (Woo)","type":"checkout"},{"id":21,"title":"Thank You (Woo)","type":"thankyou"}]}
 Current Step-checkout
==== Session Set Info ====

2024-03-09T18:12:29+00:00 INFO ==== Session Set Info ====
Flow-18 Session Set : 18_e0a5051bbdaf2783c89076404b0ba324
Flow Info: {"flow_id":"18","steps":[{"id":20,"title":"Checkout (Woo)","type":"checkout"},{"id":21,"title":"Thank You (Woo)","type":"thankyou"}]}
 Current Step-checkout
==== Session Set Info ====

2024-03-09T18:12:37+00:00 INFO ==== Session Set Info ====
Flow-18 Session Set : 18_4995f267022e0da84458abd5a085f05f
Flow Info: {"flow_id":"18","steps":[{"id":20,"title":"Checkout (Woo)","type":"checkout"},{"id":21,"title":"Thank You (Woo)","type":"thankyou"}]}
 Current Step-checkout
==== Session Set Info ====

2024-03-09T18:13:56+00:00 INFO ==== Session Set Info ====
Flow-18 Session Set : 18_e0a5051bbdaf2783c89076404b0ba324
Flow Info: {"flow_id":"18","steps":[{"id":20,"title":"Checkout (Woo)","type":"checkout"},{"id":21,"title":"Thank You (Woo)","type":"thankyou"}]}
 Current Step-checkout
==== Session Set Info ====

2024-03-09T18:14:04+00:00 INFO ==== Session Set Info ====
Flow-18 Session Set : 18_6a3adfcb6cab78469ddd5ad6c3dcc013
Flow Info: {"flow_id":"18","steps":[{"id":20,"title":"Checkout (Woo)","type":"checkout"},{"id":21,"title":"Thank You (Woo)","type":"thankyou"}]}
 Current Step-checkout
==== Session Set Info ====

2024-03-09T18:14:13+00:00 INFO ==== Session Set Info ====
Flow-18 Session Set : 18_f12ac3c8c4dd0a5a8aeb04524930f398
Flow Info: {"flow_id":"18","steps":[{"id":20,"title":"Checkout (Woo)","type":"checkout"},{"id":21,"title":"Thank You (Woo)","type":"thankyou"}]}
 Current Step-checkout
==== Session Set Info ====

2024-03-09T18:14:13+00:00 INFO ==== Session Set Info ====
Flow-18 Session Set : 18_e0a5051bbdaf2783c89076404b0ba324
Flow Info: {"flow_id":"18","steps":[{"id":20,"title":"Checkout (Woo)","type":"checkout"},{"id":21,"title":"Thank You (Woo)","type":"thankyou"}]}
 Current Step-checkout
==== Session Set Info ====

2024-03-09T18:15:37+00:00 INFO ==== Session Set Info ====
Flow-18 Session Set : 18_00933a55c410cd2f0461fff2b88df943
Flow Info: {"flow_id":"18","steps":[{"id":20,"title":"Checkout (Woo)","type":"checkout"},{"id":21,"title":"Thank You (Woo)","type":"thankyou"}]}
 Current Step-checkout
==== Session Set Info ====

2024-03-09T18:15:52+00:00 INFO ==== Session Set Info ====
Flow-18 Session Set : 18_ec46b4b60a2321e21d5d70ce4543dd31
Flow Info: {"flow_id":"18","steps":[{"id":20,"title":"Checkout (Woo)","type":"checkout"},{"id":21,"title":"Thank You (Woo)","type":"thankyou"}]}
 Current Step-checkout
==== Session Set Info ====

2024-03-09T18:17:59+00:00 INFO ==== Session Set Info ====
Flow-18 Session Set : 18_9d285130fa69684c8bceb2526434d311
Flow Info: {"flow_id":"18","steps":[{"id":20,"title":"Checkout (Woo)","type":"checkout"},{"id":21,"title":"Thank You (Woo)","type":"thankyou"}]}
 Current Step-checkout
==== Session Set Info ====

2024-03-09T18:18:44+00:00 INFO ==== Session Set Info ====
Flow-18 Session Set : 18_e0a5051bbdaf2783c89076404b0ba324
Flow Info: {"flow_id":"18","steps":[{"id":20,"title":"Checkout (Woo)","type":"checkout"},{"id":21,"title":"Thank You (Woo)","type":"thankyou"}]}
 Current Step-checkout
==== Session Set Info ====

2024-03-09T18:18:47+00:00 INFO ==== Session Set Info ====
Flow-18 Session Set : 18_e0a5051bbdaf2783c89076404b0ba324
Flow Info: {"flow_id":"18","steps":[{"id":20,"title":"Checkout (Woo)","type":"checkout"},{"id":21,"title":"Thank You (Woo)","type":"thankyou"}]}
 Current Step-checkout
==== Session Set Info ====

2024-03-09T18:18:50+00:00 INFO ==== Session Set Info ====
Flow-18 Session Set : 18_e0a5051bbdaf2783c89076404b0ba324
Flow Info: {"flow_id":"18","steps":[{"id":20,"title":"Checkout (Woo)","type":"checkout"},{"id":21,"title":"Thank You (Woo)","type":"thankyou"}]}
 Current Step-checkout
==== Session Set Info ====

2024-03-09T18:22:04+00:00 INFO ==== Session Set Info ====
Flow-18 Session Set : 18_ea8c4a23794d5c16a21db01316dff913
Flow Info: {"flow_id":"18","steps":[{"id":20,"title":"Checkout (Woo)","type":"checkout"},{"id":21,"title":"Thank You (Woo)","type":"thankyou"}]}
 Current Step-checkout
==== Session Set Info ====

2024-03-09T18:25:59+00:00 INFO ==== Session Set Info ====
Flow-18 Session Set : 18_6a3adfcb6cab78469ddd5ad6c3dcc013
Flow Info: {"flow_id":"18","steps":[{"id":20,"title":"Checkout (Woo)","type":"checkout"},{"id":21,"title":"Thank You (Woo)","type":"thankyou"}]}
 Current Step-checkout
==== Session Set Info ====

2024-03-09T18:26:27+00:00 INFO ==== Session Set Info ====
Flow-18 Session Set : 18_6a3adfcb6cab78469ddd5ad6c3dcc013
Flow Info: {"flow_id":"18","steps":[{"id":20,"title":"Checkout (Woo)","type":"checkout"},{"id":21,"title":"Thank You (Woo)","type":"thankyou"}]}
 Current Step-checkout
==== Session Set Info ====

2024-03-09T19:09:29+00:00 INFO ==== Session Set Info ====
Flow-18 Session Set : 18_d1fbe7932173b0f8560a765eab6c3c36
Flow Info: {"flow_id":"18","steps":[{"id":20,"title":"Checkout (Woo)","type":"checkout"},{"id":21,"title":"Thank You (Woo)","type":"thankyou"}]}
 Current Step-checkout
==== Session Set Info ====

2024-03-09T19:45:35+00:00 INFO ==== Session Set Info ====
Flow-18 Session Set : 18_1670d1dd6dc4ab397f3fabb9557e2cb7
Flow Info: {"flow_id":"18","steps":[{"id":20,"title":"Checkout (Woo)","type":"checkout"},{"id":21,"title":"Thank You (Woo)","type":"thankyou"}]}
 Current Step-checkout
==== Session Set Info ====

2024-03-09T19:45:49+00:00 INFO ==== Session Set Info ====
Flow-18 Session Set : 18_1eec1a9c6fe8d8120eb1d536daa2e5c5
Flow Info: {"flow_id":"18","steps":[{"id":20,"title":"Checkout (Woo)","type":"checkout"},{"id":21,"title":"Thank You (Woo)","type":"thankyou"}]}
 Current Step-checkout
==== Session Set Info ====

2024-03-09T19:55:00+00:00 INFO ==== Session Set Info ====
Flow-18 Session Set : 18_5beaecaf4c00ae0da9975a13abcdb1f3
Flow Info: {"flow_id":"18","steps":[{"id":20,"title":"Checkout (Woo)","type":"checkout"},{"id":21,"title":"Thank You (Woo)","type":"thankyou"}]}
 Current Step-checkout
==== Session Set Info ====

2024-03-09T20:02:30+00:00 INFO ==== Session Set Info ====
Flow-18 Session Set : 18_cfd51f6c880e5d62603f84572b69efa7
Flow Info: {"flow_id":"18","steps":[{"id":20,"title":"Checkout (Woo)","type":"checkout"},{"id":21,"title":"Thank You (Woo)","type":"thankyou"}]}
 Current Step-checkout
==== Session Set Info ====

2024-03-09T20:02:30+00:00 INFO ==== Session Set Info ====
Flow-18 Session Set : 18_784362a1dd03eddf2868e5b8abff14a4
Flow Info: {"flow_id":"18","steps":[{"id":20,"title":"Checkout (Woo)","type":"checkout"},{"id":21,"title":"Thank You (Woo)","type":"thankyou"}]}
 Current Step-checkout
==== Session Set Info ====

2024-03-09T20:11:02+00:00 INFO ==== Session Set Info ====
Flow-18 Session Set : 18_999837975212e95b2ff23ae1bc966028
Flow Info: {"flow_id":"18","steps":[{"id":20,"title":"Checkout (Woo)","type":"checkout"},{"id":21,"title":"Thank You (Woo)","type":"thankyou"}]}
 Current Step-checkout
==== Session Set Info ====

2024-03-09T20:16:38+00:00 INFO ==== Session Set Info ====
Flow-18 Session Set : 18_776dc331f47380b3b7a51c3a970622be
Flow Info: {"flow_id":"18","steps":[{"id":20,"title":"Checkout (Woo)","type":"checkout"},{"id":21,"title":"Thank You (Woo)","type":"thankyou"}]}
 Current Step-checkout
==== Session Set Info ====

2024-03-09T20:39:46+00:00 INFO ==== Session Set Info ====
Flow-18 Session Set : 18_f07865e690644a2d68015d587b1ff446
Flow Info: {"flow_id":"18","steps":[{"id":20,"title":"Checkout (Woo)","type":"checkout"},{"id":21,"title":"Thank You (Woo)","type":"thankyou"}]}
 Current Step-checkout
==== Session Set Info ====

2024-03-09T21:03:44+00:00 INFO ==== Session Set Info ====
Flow-18 Session Set : 18_9b438a3711c9b6b3a0ba71f4856e2e0f
Flow Info: {"flow_id":"18","steps":[{"id":20,"title":"Checkout (Woo)","type":"checkout"},{"id":21,"title":"Thank You (Woo)","type":"thankyou"}]}
 Current Step-checkout
==== Session Set Info ====

2024-03-09T21:21:59+00:00 INFO ==== Session Set Info ====
Flow-18 Session Set : 18_dbbed48e02247aa72e3b7edae5fdc25c
Flow Info: {"flow_id":"18","steps":[{"id":20,"title":"Checkout (Woo)","type":"checkout"},{"id":21,"title":"Thank You (Woo)","type":"thankyou"}]}
 Current Step-checkout
==== Session Set Info ====

2024-03-09T21:29:21+00:00 INFO ==== Session Set Info ====
Flow-18 Session Set : 18_f73db9386d84e707948ae74464c66892
Flow Info: {"flow_id":"18","steps":[{"id":20,"title":"Checkout (Woo)","type":"checkout"},{"id":21,"title":"Thank You (Woo)","type":"thankyou"}]}
 Current Step-checkout
==== Session Set Info ====

2024-03-09T21:29:46+00:00 INFO ==== Session Set Info ====
Flow-18 Session Set : 18_95cb3bbf0fb066a4ab3da87de9cfee1e
Flow Info: {"flow_id":"18","steps":[{"id":20,"title":"Checkout (Woo)","type":"checkout"},{"id":21,"title":"Thank You (Woo)","type":"thankyou"}]}
 Current Step-checkout
==== Session Set Info ====

2024-03-09T21:30:37+00:00 INFO ==== Session Set Info ====
Flow-18 Session Set : 18_6e9fd81b88ba9cd071a317df5f8cc298
Flow Info: {"flow_id":"18","steps":[{"id":20,"title":"Checkout (Woo)","type":"checkout"},{"id":21,"title":"Thank You (Woo)","type":"thankyou"}]}
 Current Step-checkout
==== Session Set Info ====

2024-03-09T21:30:53+00:00 INFO ==== Session Set Info ====
Flow-18 Session Set : 18_c8883308e393753e0ac66f4a7a3ee1ae
Flow Info: {"flow_id":"18","steps":[{"id":20,"title":"Checkout (Woo)","type":"checkout"},{"id":21,"title":"Thank You (Woo)","type":"thankyou"}]}
 Current Step-checkout
==== Session Set Info ====

2024-03-09T21:48:06+00:00 INFO ==== Session Set Info ====
Flow-18 Session Set : 18_0456afd4053974fbb94e9a9ef4221955
Flow Info: {"flow_id":"18","steps":[{"id":20,"title":"Checkout (Woo)","type":"checkout"},{"id":21,"title":"Thank You (Woo)","type":"thankyou"}]}
 Current Step-checkout
==== Session Set Info ====

2024-03-09T21:53:54+00:00 INFO ==== Session Set Info ====
Flow-18 Session Set : 18_4936233c2ee52aa2e1cfafb8f1b34e41
Flow Info: {"flow_id":"18","steps":[{"id":20,"title":"Checkout (Woo)","type":"checkout"},{"id":21,"title":"Thank You (Woo)","type":"thankyou"}]}
 Current Step-checkout
==== Session Set Info ====

2024-03-09T21:57:37+00:00 INFO ==== Session Set Info ====
Flow-18 Session Set : 18_3db0cfe5a1906073e86bb7ba67f9a060
Flow Info: {"flow_id":"18","steps":[{"id":20,"title":"Checkout (Woo)","type":"checkout"},{"id":21,"title":"Thank You (Woo)","type":"thankyou"}]}
 Current Step-checkout
==== Session Set Info ====

2024-03-09T22:11:49+00:00 INFO ==== Session Set Info ====
Flow-18 Session Set : 18_8e8d2b20819b0665693baf792282a412
Flow Info: {"flow_id":"18","steps":[{"id":20,"title":"Checkout (Woo)","type":"checkout"},{"id":21,"title":"Thank You (Woo)","type":"thankyou"}]}
 Current Step-checkout
==== Session Set Info ====

2024-03-09T22:11:53+00:00 INFO ==== Session Set Info ====
Flow-18 Session Set : 18_4cc98d684c12f059941db1f3b6c1ae3d
Flow Info: {"flow_id":"18","steps":[{"id":20,"title":"Checkout (Woo)","type":"checkout"},{"id":21,"title":"Thank You (Woo)","type":"thankyou"}]}
 Current Step-checkout
==== Session Set Info ====

2024-03-09T22:25:01+00:00 INFO ==== Session Set Info ====
Flow-18 Session Set : 18_177cb021dc5d3308fbdae6b98c60447c
Flow Info: {"flow_id":"18","steps":[{"id":20,"title":"Checkout (Woo)","type":"checkout"},{"id":21,"title":"Thank You (Woo)","type":"thankyou"}]}
 Current Step-checkout
==== Session Set Info ====

2024-03-09T22:25:01+00:00 INFO ==== Session Set Info ====
Flow-18 Session Set : 18_177cb021dc5d3308fbdae6b98c60447c
Flow Info: {"flow_id":"18","steps":[{"id":20,"title":"Checkout (Woo)","type":"checkout"},{"id":21,"title":"Thank You (Woo)","type":"thankyou"}]}
 Current Step-checkout
==== Session Set Info ====

2024-03-09T22:39:56+00:00 INFO ==== Session Set Info ====
Flow-18 Session Set : 18_453292f4fd4dfca3812937f8f9e0117e
Flow Info: {"flow_id":"18","steps":[{"id":20,"title":"Checkout (Woo)","type":"checkout"},{"id":21,"title":"Thank You (Woo)","type":"thankyou"}]}
 Current Step-checkout
==== Session Set Info ====

2024-03-09T22:50:23+00:00 INFO ==== Session Set Info ====
Flow-18 Session Set : 18_1738efc7d57cd6e5dda59130323e48e2
Flow Info: {"flow_id":"18","steps":[{"id":20,"title":"Checkout (Woo)","type":"checkout"},{"id":21,"title":"Thank You (Woo)","type":"thankyou"}]}
 Current Step-checkout
==== Session Set Info ====

2024-03-09T23:13:14+00:00 INFO ==== Session Set Info ====
Flow-18 Session Set : 18_6472b3facfe1b23b071b3f850be853c5
Flow Info: {"flow_id":"18","steps":[{"id":20,"title":"Checkout (Woo)","type":"checkout"},{"id":21,"title":"Thank You (Woo)","type":"thankyou"}]}
 Current Step-checkout
==== Session Set Info ====

2024-03-09T23:33:52+00:00 INFO ==== Session Set Info ====
Flow-18 Session Set : 18_484ec2a99a7e0224e71afc1612b5c45a
Flow Info: {"flow_id":"18","steps":[{"id":20,"title":"Checkout (Woo)","type":"checkout"},{"id":21,"title":"Thank You (Woo)","type":"thankyou"}]}
 Current Step-checkout
==== Session Set Info ====

2024-03-09T23:33:52+00:00 INFO ==== Session Set Info ====
Flow-18 Session Set : 18_16c816f42c9df4a636dac39584f4c0d0
Flow Info: {"flow_id":"18","steps":[{"id":20,"title":"Checkout (Woo)","type":"checkout"},{"id":21,"title":"Thank You (Woo)","type":"thankyou"}]}
 Current Step-checkout
==== Session Set Info ====

2024-03-09T23:54:34+00:00 INFO ==== Session Set Info ====
Flow-18 Session Set : 18_15fe1c523d63255539696d87bfb2a3ec
Flow Info: {"flow_id":"18","steps":[{"id":20,"title":"Checkout (Woo)","type":"checkout"},{"id":21,"title":"Thank You (Woo)","type":"thankyou"}]}
 Current Step-checkout
==== Session Set Info ====

2024-03-09T23:58:03+00:00 INFO ==== Session Set Info ====
Flow-18 Session Set : 18_ce6294ea2cea63599c897beb26e21540
Flow Info: {"flow_id":"18","steps":[{"id":20,"title":"Checkout (Woo)","type":"checkout"},{"id":21,"title":"Thank You (Woo)","type":"thankyou"}]}
 Current Step-checkout
==== Session Set Info ====

2024-03-09T23:58:54+00:00 INFO ==== Session Set Info ====
Flow-18 Session Set : 18_19f258d5ec7203be94dc8c421a36314e
Flow Info: {"flow_id":"18","steps":[{"id":20,"title":"Checkout (Woo)","type":"checkout"},{"id":21,"title":"Thank You (Woo)","type":"thankyou"}]}
 Current Step-checkout
==== Session Set Info ====

2024-03-09T23:59:07+00:00 INFO ==== Session Set Info ====
Flow-18 Session Set : 18_88cc27500b0dd290de3979c17f510f74
Flow Info: {"flow_id":"18","steps":[{"id":20,"title":"Checkout (Woo)","type":"checkout"},{"id":21,"title":"Thank You (Woo)","type":"thankyou"}]}
 Current Step-checkout
==== Session Set Info ====

